<?xml version="1.0" encoding="UTF-8"?>
<testng-results ignored="0" total="1" passed="1" failed="0" skipped="0">
  <reporter-output>
  </reporter-output>
  <suite started-at="2024-08-05T19:39:03 IST" name="Default suite" finished-at="2024-08-05T19:39:33 IST" duration-ms="29976">
    <groups>
    </groups>
    <test started-at="2024-08-05T19:39:03 IST" name="Default test" finished-at="2024-08-05T19:39:33 IST" duration-ms="29976">
      <class name="AutomationRestAPI.SeleniumAutomationRestAPI.BrowserWindowsTest">
        <test-method is-config="true" signature="setUp()[pri:0, instance:AutomationRestAPI.SeleniumAutomationRestAPI.BrowserWindowsTest@6f204a1a]" started-at="2024-08-05T19:39:03 IST" name="setUp" finished-at="2024-08-05T19:39:27 IST" duration-ms="23686" status="PASS">
          <reporter-output>
          </reporter-output>
        </test-method> <!-- setUp -->
        <test-method signature="testNewTab()[pri:0, instance:AutomationRestAPI.SeleniumAutomationRestAPI.BrowserWindowsTest@6f204a1a]" started-at="2024-08-05T19:39:27 IST" name="testNewTab" finished-at="2024-08-05T19:39:33 IST" duration-ms="6005" status="PASS">
          <reporter-output>
          </reporter-output>
        </test-method> <!-- testNewTab -->
        <test-method is-config="true" signature="tearDown()[pri:0, instance:AutomationRestAPI.SeleniumAutomationRestAPI.BrowserWindowsTest@6f204a1a]" started-at="2024-08-05T19:39:33 IST" name="tearDown" finished-at="2024-08-05T19:39:33 IST" duration-ms="201" status="PASS">
          <reporter-output>
          </reporter-output>
        </test-method> <!-- tearDown -->
      </class> <!-- AutomationRestAPI.SeleniumAutomationRestAPI.BrowserWindowsTest -->
    </test> <!-- Default test -->
  </suite> <!-- Default suite -->
</testng-results>
