<?xml version="1.0" encoding="UTF-8"?>
<testng-results ignored="0" total="1" passed="1" failed="0" skipped="0">
  <reporter-output>
  </reporter-output>
  <suite started-at="2024-08-05T20:17:41 IST" name="Default suite" finished-at="2024-08-05T20:18:17 IST" duration-ms="36176">
    <groups>
    </groups>
    <test started-at="2024-08-05T20:17:41 IST" name="Default test" finished-at="2024-08-05T20:18:17 IST" duration-ms="36176">
      <class name="AutomationRestAPI.SeleniumAutomationRestAPI.AmazonIPhonePurchaseTest">
        <test-method is-config="true" signature="setUp()[pri:0, instance:AutomationRestAPI.SeleniumAutomationRestAPI.AmazonIPhonePurchaseTest@2ab4bc72]" started-at="2024-08-05T20:17:41 IST" name="setUp" finished-at="2024-08-05T20:17:45 IST" duration-ms="4695" status="PASS">
          <reporter-output>
          </reporter-output>
        </test-method> <!-- setUp -->
        <test-method signature="testIPhonePurchase()[pri:0, instance:AutomationRestAPI.SeleniumAutomationRestAPI.AmazonIPhonePurchaseTest@2ab4bc72]" started-at="2024-08-05T20:17:46 IST" name="testIPhonePurchase" finished-at="2024-08-05T20:18:16 IST" duration-ms="30952" status="PASS">
          <reporter-output>
          </reporter-output>
        </test-method> <!-- testIPhonePurchase -->
        <test-method is-config="true" signature="tearDown()[pri:0, instance:AutomationRestAPI.SeleniumAutomationRestAPI.AmazonIPhonePurchaseTest@2ab4bc72]" started-at="2024-08-05T20:18:16 IST" name="tearDown" finished-at="2024-08-05T20:18:17 IST" duration-ms="448" status="PASS">
          <reporter-output>
          </reporter-output>
        </test-method> <!-- tearDown -->
      </class> <!-- AutomationRestAPI.SeleniumAutomationRestAPI.AmazonIPhonePurchaseTest -->
    </test> <!-- Default test -->
  </suite> <!-- Default suite -->
</testng-results>
